Using pre-set license
Built from '2021.3/staging' branch; Version is '2021.3.5f1 (40eb3a945986) revision 4254522'; Using compiler version '192829333'; Build Type 'Release'
OS: 'Windows 11  (10.0.26200) 64bit Professional' Language: 'en' Physical Memory: 32468 MB
BatchMode: 1, IsHumanControllingUs: 0, StartBugReporterOnCrash: 0, Is64bit: 1, IsPro: 1

COMMAND LINE ARGUMENTS:
C:\Program Files\Unity\Hub\Editor\2021.3.5f1\Editor\Unity.exe
-adb2
-batchMode
-noUpm
-name
AssetImportWorker1
-projectPath
D:/114_1_Game/FinalV5/Game_Final
-logFile
Logs/AssetImportWorker1.log
-srvPort
61147
Successfully changed project path to: D:/114_1_Game/FinalV5/Game_Final
D:/114_1_Game/FinalV5/Game_Final
[UnityMemory] Configuration Parameters - Can be set up in boot.config
    "memorysetup-bucket-allocator-granularity=16"
    "memorysetup-bucket-allocator-bucket-count=8"
    "memorysetup-bucket-allocator-block-size=33554432"
    "memorysetup-bucket-allocator-block-count=8"
    "memorysetup-main-allocator-block-size=16777216"
    "memorysetup-thread-allocator-block-size=16777216"
    "memorysetup-gfx-main-allocator-block-size=16777216"
    "memorysetup-gfx-thread-allocator-block-size=16777216"
    "memorysetup-cache-allocator-block-size=4194304"
    "memorysetup-typetree-allocator-block-size=2097152"
    "memorysetup-profiler-bucket-allocator-granularity=16"
    "memorysetup-profiler-bucket-allocator-bucket-count=8"
    "memorysetup-profiler-bucket-allocator-block-size=33554432"
    "memorysetup-profiler-bucket-allocator-block-count=8"
    "memorysetup-profiler-allocator-block-size=16777216"
    "memorysetup-profiler-editor-allocator-block-size=1048576"
    "memorysetup-temp-allocator-size-main=16777216"
    "memorysetup-job-temp-allocator-block-size=2097152"
    "memorysetup-job-temp-allocator-block-size-background=1048576"
    "memorysetup-job-temp-allocator-reduction-small-platforms=262144"
    "memorysetup-temp-allocator-size-background-worker=32768"
    "memorysetup-temp-allocator-size-job-worker=262144"
    "memorysetup-temp-allocator-size-preload-manager=33554432"
    "memorysetup-temp-allocator-size-nav-mesh-worker=65536"
    "memorysetup-temp-allocator-size-audio-worker=65536"
    "memorysetup-temp-allocator-size-cloud-worker=32768"
    "memorysetup-temp-allocator-size-gi-baking-worker=262144"
    "memorysetup-temp-allocator-size-gfx=262144"
Refreshing native plugins compatible for Editor in 72.61 ms, found 3 plugins.
Preloading 0 native plugins for Editor in 0.00 ms.
Initialize engine version: 2021.3.5f1 (40eb3a945986)
[Subsystems] Discovering subsystems at path C:/Program Files/Unity/Hub/Editor/2021.3.5f1/Editor/Data/Resources/UnitySubsystems
[Subsystems] Discovering subsystems at path D:/114_1_Game/FinalV5/Game_Final/Assets
GfxDevice: creating device client; threaded=0; jobified=0
Direct3D:
    Version:  Direct3D 11.0 [level 11.1]
    Renderer: NVIDIA GeForce RTX 4060 Laptop GPU (ID=0x28a0)
    Vendor:   NVIDIA
    VRAM:     7957 MB
    Driver:   32.0.15.8097
Initialize mono
Mono path[0] = 'C:/Program Files/Unity/Hub/Editor/2021.3.5f1/Editor/Data/Managed'
Mono path[1] = 'C:/Program Files/Unity/Hub/Editor/2021.3.5f1/Editor/Data/MonoBleedingEdge/lib/mono/unityjit-win32'
Mono config path = 'C:/Program Files/Unity/Hub/Editor/2021.3.5f1/Editor/Data/MonoBleedingEdge/etc'
Using monoOptions --debugger-agent=transport=dt_socket,embedding=1,server=y,suspend=n,address=127.0.0.1:56692
Begin MonoManager ReloadAssembly
Registering precompiled unity dll's ...
Register platform support module: C:/Program Files/Unity/Hub/Editor/2021.3.5f1/Editor/Data/PlaybackEngines/AndroidPlayer/UnityEditor.Android.Extensions.dll
Register platform support module: C:/Program Files/Unity/Hub/Editor/2021.3.5f1/Editor/Data/PlaybackEngines/WindowsStandaloneSupport/UnityEditor.WindowsStandalone.Extensions.dll
Registered in 0.006158 seconds.
Native extension for WindowsStandalone target not found
Native extension for Android target not found
Refreshing native plugins compatible for Editor in 75.22 ms, found 3 plugins.
Preloading 0 native plugins for Editor in 0.00 ms.
Mono: successfully reloaded assembly
- Completed reload, in  0.547 seconds
Domain Reload Profiling:
	ReloadAssembly (548ms)
		BeginReloadAssembly (62ms)
			ExecutionOrderSort (0ms)
			DisableScriptedObjects (0ms)
			BackupInstance (0ms)
			ReleaseScriptingObjects (0ms)
			CreateAndSetChildDomain (1ms)
		EndReloadAssembly (395ms)
			LoadAssemblies (60ms)
			RebuildTransferFunctionScriptingTraits (0ms)
			SetupTypeCache (82ms)
			ReleaseScriptCaches (0ms)
			RebuildScriptCaches (21ms)
			SetupLoadedEditorAssemblies (250ms)
				LogAssemblyErrors (0ms)
				InitializePlatformSupportModulesInManaged (49ms)
				SetLoadedEditorAssemblies (0ms)
				RefreshPlugins (75ms)
				BeforeProcessingInitializeOnLoad (1ms)
				ProcessInitializeOnLoadAttributes (82ms)
				ProcessInitializeOnLoadMethodAttributes (42ms)
				AfterProcessingInitializeOnLoad (0ms)
				EditorAssembliesLoaded (0ms)
			ExecutionOrderSort2 (0ms)
			AwakeInstancesAfterBackupRestoration (0ms)
Platform modules already initialized, skipping
Registering precompiled user dll's ...
Registered in 0.002991 seconds.
Begin MonoManager ReloadAssembly
Symbol file LoadedFromMemory doesn't match image D:\114_1_Game\FinalV5\Game_Final\Library\PackageCache\com.unity.visualscripting@1.7.8\Editor\VisualScripting.Core\Dependencies\YamlDotNet\Unity.VisualScripting.YamlDotNet.dll
Symbol file LoadedFromMemory doesn't match image D:\114_1_Game\FinalV5\Game_Final\Library\PackageCache\com.unity.visualscripting@1.7.8\Editor\VisualScripting.Core\Dependencies\DotNetZip\Unity.VisualScripting.IonicZip.dll
Native extension for WindowsStandalone target not found
Native extension for Android target not found
Refreshing native plugins compatible for Editor in 0.59 ms, found 3 plugins.
Preloading 0 native plugins for Editor in 0.00 ms.
Mono: successfully reloaded assembly
- Completed reload, in  0.899 seconds
Domain Reload Profiling:
	ReloadAssembly (900ms)
		BeginReloadAssembly (185ms)
			ExecutionOrderSort (0ms)
			DisableScriptedObjects (6ms)
			BackupInstance (0ms)
			ReleaseScriptingObjects (0ms)
			CreateAndSetChildDomain (113ms)
		EndReloadAssembly (611ms)
			LoadAssemblies (59ms)
			RebuildTransferFunctionScriptingTraits (0ms)
			SetupTypeCache (203ms)
			ReleaseScriptCaches (0ms)
			RebuildScriptCaches (37ms)
			SetupLoadedEditorAssemblies (280ms)
				LogAssemblyErrors (0ms)
				InitializePlatformSupportModulesInManaged (14ms)
				SetLoadedEditorAssemblies (0ms)
				RefreshPlugins (1ms)
				BeforeProcessingInitializeOnLoad (63ms)
				ProcessInitializeOnLoadAttributes (176ms)
				ProcessInitializeOnLoadMethodAttributes (20ms)
				AfterProcessingInitializeOnLoad (6ms)
				EditorAssembliesLoaded (0ms)
			ExecutionOrderSort2 (0ms)
			AwakeInstancesAfterBackupRestoration (7ms)
Platform modules already initialized, skipping
========================================================================
Worker process is ready to serve import requests
Launched and connected shader compiler UnityShaderCompiler.exe after 0.05 seconds
Refreshing native plugins compatible for Editor in 0.60 ms, found 3 plugins.
Preloading 0 native plugins for Editor in 0.00 ms.
Unloading 3434 Unused Serialized files (Serialized files now loaded: 0)
Unloading 25 unused Assets / (55.3 KB). Loaded Objects now: 3894.
Memory consumption went from 125.6 MB to 125.5 MB.
Total: 2.889300 ms (FindLiveObjects: 0.184300 ms CreateObjectMapping: 0.074800 ms MarkObjects: 2.562500 ms  DeleteObjects: 0.066800 ms)

AssetImportParameters requested are different than current active one (requested -> active):
  custom:video-decoder-ogg-theora: a1e56fd34408186e4bbccfd4996cb3dc -> 
  custom:container-muxer-webm: aa71ff27fc2769a1b78a27578f13a17b -> 
  custom:container-demuxer-webm: 4f35f7cbe854078d1ac9338744f61a02 -> 
  custom:video-encoder-webm-vp8: eb34c28f22e8b96e1ab97ce403110664 -> 
  custom:video-codec-MediaFoundation-h265: 746d11721c4dcdbdad8f713fa42b33f4 -> 
  custom:audio-encoder-webm-vorbis: bf7c407c2cedff20999df2af8eb42d56 -> 
  custom:framework-win-MediaFoundation: 216162199b28c13a410421893ffa2e32 -> 
  custom:container-demuxer-ogg: 62fdf1f143b41e24485cea50d1cbac27 -> 
  custom:video-decoder-webm-vp8: 9c59270c3fd7afecdb556c50c9e8de78 -> 
  custom:audio-decoder-ogg-vorbis: bf7c407c2cedff20999df2af8eb42d56 -> 
========================================================================
Received Prepare
Registering precompiled user dll's ...
Registered in 0.003367 seconds.
Begin MonoManager ReloadAssembly
Symbol file LoadedFromMemory doesn't match image D:\114_1_Game\FinalV5\Game_Final\Library\PackageCache\com.unity.visualscripting@1.7.8\Editor\VisualScripting.Core\Dependencies\YamlDotNet\Unity.VisualScripting.YamlDotNet.dll
Symbol file LoadedFromMemory doesn't match image D:\114_1_Game\FinalV5\Game_Final\Library\PackageCache\com.unity.visualscripting@1.7.8\Editor\VisualScripting.Core\Dependencies\DotNetZip\Unity.VisualScripting.IonicZip.dll
Native extension for WindowsStandalone target not found
Native extension for Android target not found
Refreshing native plugins compatible for Editor in 0.67 ms, found 3 plugins.
Preloading 0 native plugins for Editor in 0.00 ms.
Mono: successfully reloaded assembly
- Completed reload, in  0.873 seconds
Domain Reload Profiling:
	ReloadAssembly (873ms)
		BeginReloadAssembly (119ms)
			ExecutionOrderSort (0ms)
			DisableScriptedObjects (5ms)
			BackupInstance (0ms)
			ReleaseScriptingObjects (0ms)
			CreateAndSetChildDomain (29ms)
		EndReloadAssembly (672ms)
			LoadAssemblies (71ms)
			RebuildTransferFunctionScriptingTraits (0ms)
			SetupTypeCache (219ms)
			ReleaseScriptCaches (1ms)
			RebuildScriptCaches (31ms)
			SetupLoadedEditorAssemblies (314ms)
				LogAssemblyErrors (0ms)
				InitializePlatformSupportModulesInManaged (21ms)
				SetLoadedEditorAssemblies (0ms)
				RefreshPlugins (1ms)
				BeforeProcessingInitializeOnLoad (52ms)
				ProcessInitializeOnLoadAttributes (202ms)
				ProcessInitializeOnLoadMethodAttributes (30ms)
				AfterProcessingInitializeOnLoad (9ms)
				EditorAssembliesLoaded (0ms)
			ExecutionOrderSort2 (0ms)
			AwakeInstancesAfterBackupRestoration (8ms)
Platform modules already initialized, skipping
Refreshing native plugins compatible for Editor in 2.08 ms, found 3 plugins.
Preloading 0 native plugins for Editor in 0.00 ms.
Unloading 3413 Unused Serialized files (Serialized files now loaded: 0)
Unloading 18 unused Assets / (24.6 KB). Loaded Objects now: 3897.
Memory consumption went from 124.0 MB to 124.0 MB.
Total: 3.137800 ms (FindLiveObjects: 0.198600 ms CreateObjectMapping: 0.073100 ms MarkObjects: 2.833800 ms  DeleteObjects: 0.030900 ms)

AssetImportParameters requested are different than current active one (requested -> active):
  custom:video-decoder-ogg-theora: a1e56fd34408186e4bbccfd4996cb3dc -> 
  custom:container-muxer-webm: aa71ff27fc2769a1b78a27578f13a17b -> 
  custom:container-demuxer-webm: 4f35f7cbe854078d1ac9338744f61a02 -> 
  custom:video-encoder-webm-vp8: eb34c28f22e8b96e1ab97ce403110664 -> 
  custom:video-codec-MediaFoundation-h265: 746d11721c4dcdbdad8f713fa42b33f4 -> 
  custom:audio-encoder-webm-vorbis: bf7c407c2cedff20999df2af8eb42d56 -> 
  custom:framework-win-MediaFoundation: 216162199b28c13a410421893ffa2e32 -> 
  custom:container-demuxer-ogg: 62fdf1f143b41e24485cea50d1cbac27 -> 
  custom:video-decoder-webm-vp8: 9c59270c3fd7afecdb556c50c9e8de78 -> 
  custom:audio-decoder-ogg-vorbis: bf7c407c2cedff20999df2af8eb42d56 -> 
========================================================================
Received Prepare
Registering precompiled user dll's ...
Registered in 0.003583 seconds.
Begin MonoManager ReloadAssembly
Symbol file LoadedFromMemory doesn't match image D:\114_1_Game\FinalV5\Game_Final\Library\PackageCache\com.unity.visualscripting@1.7.8\Editor\VisualScripting.Core\Dependencies\YamlDotNet\Unity.VisualScripting.YamlDotNet.dll
Symbol file LoadedFromMemory doesn't match image D:\114_1_Game\FinalV5\Game_Final\Library\PackageCache\com.unity.visualscripting@1.7.8\Editor\VisualScripting.Core\Dependencies\DotNetZip\Unity.VisualScripting.IonicZip.dll
Native extension for WindowsStandalone target not found
Native extension for Android target not found
Refreshing native plugins compatible for Editor in 0.85 ms, found 3 plugins.
Preloading 0 native plugins for Editor in 0.00 ms.
Mono: successfully reloaded assembly
- Completed reload, in  0.943 seconds
Domain Reload Profiling:
	ReloadAssembly (944ms)
		BeginReloadAssembly (107ms)
			ExecutionOrderSort (0ms)
			DisableScriptedObjects (4ms)
			BackupInstance (0ms)
			ReleaseScriptingObjects (0ms)
			CreateAndSetChildDomain (28ms)
		EndReloadAssembly (754ms)
			LoadAssemblies (67ms)
			RebuildTransferFunctionScriptingTraits (0ms)
			SetupTypeCache (242ms)
			ReleaseScriptCaches (2ms)
			RebuildScriptCaches (46ms)
			SetupLoadedEditorAssemblies (339ms)
				LogAssemblyErrors (0ms)
				InitializePlatformSupportModulesInManaged (25ms)
				SetLoadedEditorAssemblies (1ms)
				RefreshPlugins (1ms)
				BeforeProcessingInitializeOnLoad (65ms)
				ProcessInitializeOnLoadAttributes (208ms)
				ProcessInitializeOnLoadMethodAttributes (30ms)
				AfterProcessingInitializeOnLoad (9ms)
				EditorAssembliesLoaded (0ms)
			ExecutionOrderSort2 (0ms)
			AwakeInstancesAfterBackupRestoration (8ms)
Platform modules already initialized, skipping
Refreshing native plugins compatible for Editor in 2.06 ms, found 3 plugins.
Preloading 0 native plugins for Editor in 0.00 ms.
Unloading 3413 Unused Serialized files (Serialized files now loaded: 0)
Unloading 18 unused Assets / (24.6 KB). Loaded Objects now: 3900.
Memory consumption went from 124.0 MB to 124.0 MB.
Total: 3.052800 ms (FindLiveObjects: 0.224700 ms CreateObjectMapping: 0.110000 ms MarkObjects: 2.686200 ms  DeleteObjects: 0.030700 ms)

AssetImportParameters requested are different than current active one (requested -> active):
  custom:video-decoder-ogg-theora: a1e56fd34408186e4bbccfd4996cb3dc -> 
  custom:container-muxer-webm: aa71ff27fc2769a1b78a27578f13a17b -> 
  custom:container-demuxer-webm: 4f35f7cbe854078d1ac9338744f61a02 -> 
  custom:video-encoder-webm-vp8: eb34c28f22e8b96e1ab97ce403110664 -> 
  custom:video-codec-MediaFoundation-h265: 746d11721c4dcdbdad8f713fa42b33f4 -> 
  custom:audio-encoder-webm-vorbis: bf7c407c2cedff20999df2af8eb42d56 -> 
  custom:framework-win-MediaFoundation: 216162199b28c13a410421893ffa2e32 -> 
  custom:container-demuxer-ogg: 62fdf1f143b41e24485cea50d1cbac27 -> 
  custom:video-decoder-webm-vp8: 9c59270c3fd7afecdb556c50c9e8de78 -> 
  custom:audio-decoder-ogg-vorbis: bf7c407c2cedff20999df2af8eb42d56 -> 
========================================================================
Received Import Request.
  Time since last request: 107628.378002 seconds.
  path: Assets/ResourcePack/Fog_Mat.mat
  artifactKey: Guid(0b2cb8c135631c644b7053432741c9e5) Importer(815301076,1909f56bfc062723c751e8b465ee728b)
Start importing Assets/ResourcePack/Fog_Mat.mat using Guid(0b2cb8c135631c644b7053432741c9e5) Importer(815301076,1909f56bfc062723c751e8b465ee728b)  -> (artifact id: 'f01bc661ab45913e42ecdf56f0f25a45') in 0.273671 seconds 
========================================================================
Received Import Request.
  Time since last request: 0.000032 seconds.
  path: Assets/ResourcePack/Mat_ShadowEllipse.mat
  artifactKey: Guid(5866b18a808d4064395cd000c9c33157) Importer(815301076,1909f56bfc062723c751e8b465ee728b)
Start importing Assets/ResourcePack/Mat_ShadowEllipse.mat using Guid(5866b18a808d4064395cd000c9c33157) Importer(815301076,1909f56bfc062723c751e8b465ee728b)  -> (artifact id: '07000f9b08b57f477896fd29484dd180') in 0.029473 seconds 
========================================================================
Received Import Request.
  Time since last request: 11.592960 seconds.
  path: Assets/New Solution Studio/PBR Lamps Pack/Classic fluorescent lamp/Maps (Specular) [Unity]/Classic_fluorescent_lamp_emissive.png
  artifactKey: Guid(d0a13a45ab6edca4eb1f7a22c1aa9fbc) Importer(815301076,1909f56bfc062723c751e8b465ee728b)
Start importing Assets/New Solution Studio/PBR Lamps Pack/Classic fluorescent lamp/Maps (Specular) [Unity]/Classic_fluorescent_lamp_emissive.png using Guid(d0a13a45ab6edca4eb1f7a22c1aa9fbc) Importer(815301076,1909f56bfc062723c751e8b465ee728b)  -> (artifact id: '66922e8cd02685b99cd626f887fd8513') in 0.021419 seconds 
========================================================================
Received Import Request.
  Time since last request: 0.000029 seconds.
  path: Assets/New Solution Studio/PBR Lamps Pack/Classic fluorescent lamp/Maps (Specular) [Unity]/Classic_fluorescent_lamp_specular.png
  artifactKey: Guid(69d740b127532f04881ae924b3f77e58) Importer(815301076,1909f56bfc062723c751e8b465ee728b)
Start importing Assets/New Solution Studio/PBR Lamps Pack/Classic fluorescent lamp/Maps (Specular) [Unity]/Classic_fluorescent_lamp_specular.png using Guid(69d740b127532f04881ae924b3f77e58) Importer(815301076,1909f56bfc062723c751e8b465ee728b)  -> (artifact id: 'e9a8c8cdb62560ad33e44d02675c3e51') in 0.017521 seconds 
========================================================================
Received Import Request.
  Time since last request: 30.771499 seconds.
  path: Assets/TextMesh Pro/Examples & Extras/Fonts/Electronic Highway Sign.TTF
  artifactKey: Guid(8a2b9e2a607dd2143b58c44bc32410b4) Importer(815301076,1909f56bfc062723c751e8b465ee728b)
Start importing Assets/TextMesh Pro/Examples & Extras/Fonts/Electronic Highway Sign.TTF using Guid(8a2b9e2a607dd2143b58c44bc32410b4) Importer(815301076,1909f56bfc062723c751e8b465ee728b)  -> (artifact id: '49bd709abaca415c72f16bab2f7c8abb') in 0.020547 seconds 
========================================================================
Received Import Request.
  Time since last request: 13.052966 seconds.
  path: Assets/Off Axis Studios/Polyworks/Prefabs/Atlased/Abstract/Abstract_Modular_Archway_Dual_1.0_Beige_01_Atlased.prefab
  artifactKey: Guid(ef3e1994a9d62a94db2e03c88e9b8453) Importer(815301076,1909f56bfc062723c751e8b465ee728b)
Start importing Assets/Off Axis Studios/Polyworks/Prefabs/Atlased/Abstract/Abstract_Modular_Archway_Dual_1.0_Beige_01_Atlased.prefab using Guid(ef3e1994a9d62a94db2e03c88e9b8453) Importer(815301076,1909f56bfc062723c751e8b465ee728b)  -> (artifact id: '2b7759c7e83f543475ea3960b194b81c') in 0.172061 seconds 
========================================================================
Received Import Request.
  Time since last request: 0.000026 seconds.
  path: Assets/Off Axis Studios/Polyworks/Prefabs/Atlased/Abstract/Abstract_Modular_Block_0.125_Pink_01_Atlased.prefab
  artifactKey: Guid(8742a5390bf3cbd4b8c30b8ad1405cc6) Importer(815301076,1909f56bfc062723c751e8b465ee728b)
Start importing Assets/Off Axis Studios/Polyworks/Prefabs/Atlased/Abstract/Abstract_Modular_Block_0.125_Pink_01_Atlased.prefab using Guid(8742a5390bf3cbd4b8c30b8ad1405cc6) Importer(815301076,1909f56bfc062723c751e8b465ee728b)  -> (artifact id: '3c26e625726dce146979e8a0a6f1fb6a') in 0.014078 seconds 
========================================================================
Received Import Request.
  Time since last request: 0.000034 seconds.
  path: Assets/Off Axis Studios/Polyworks/Prefabs/Atlased/Abstract/Abstract_Modular_Block_0.5_Orange_01_Atlased.prefab
  artifactKey: Guid(621f9ee059c72f046b37468bcc60afc6) Importer(815301076,1909f56bfc062723c751e8b465ee728b)
Start importing Assets/Off Axis Studios/Polyworks/Prefabs/Atlased/Abstract/Abstract_Modular_Block_0.5_Orange_01_Atlased.prefab using Guid(621f9ee059c72f046b37468bcc60afc6) Importer(815301076,1909f56bfc062723c751e8b465ee728b)  -> (artifact id: '2cd5bb37f29bd40a50e0edb7c4768cdf') in 0.016196 seconds 
========================================================================
Received Import Request.
  Time since last request: 0.000024 seconds.
  path: Assets/Off Axis Studios/Polyworks/Prefabs/Atlased/Abstract/Abstract_Modular_Block_0.125_Green_01_Atlased.prefab
  artifactKey: Guid(ba1de1217e4ff1b4186ff3199acd3700) Importer(815301076,1909f56bfc062723c751e8b465ee728b)
Start importing Assets/Off Axis Studios/Polyworks/Prefabs/Atlased/Abstract/Abstract_Modular_Block_0.125_Green_01_Atlased.prefab using Guid(ba1de1217e4ff1b4186ff3199acd3700) Importer(815301076,1909f56bfc062723c751e8b465ee728b)  -> (artifact id: '7ab5653459061a43d7232137b443b341') in 0.012375 seconds 
========================================================================
Received Import Request.
  Time since last request: 0.000022 seconds.
  path: Assets/Off Axis Studios/Polyworks/Prefabs/Atlased/Abstract/Abstract_Modular_Block_0.5_Pink_01_Atlased.prefab
  artifactKey: Guid(b7b71a9286e3586499244f57139014fd) Importer(815301076,1909f56bfc062723c751e8b465ee728b)
Start importing Assets/Off Axis Studios/Polyworks/Prefabs/Atlased/Abstract/Abstract_Modular_Block_0.5_Pink_01_Atlased.prefab using Guid(b7b71a9286e3586499244f57139014fd) Importer(815301076,1909f56bfc062723c751e8b465ee728b)  -> (artifact id: 'bec2b810905ef4eb34e012eb66abe54e') in 0.009484 seconds 
========================================================================
Received Import Request.
  Time since last request: 0.000032 seconds.
  path: Assets/Off Axis Studios/Polyworks/Prefabs/Atlased/Abstract/Abstract_Modular_Battlements_Left_Tall_1.0_Beige_01_Atlased.prefab
  artifactKey: Guid(f8e828c22cfa28f4b993f6b9685d5b8b) Importer(815301076,1909f56bfc062723c751e8b465ee728b)
Start importing Assets/Off Axis Studios/Polyworks/Prefabs/Atlased/Abstract/Abstract_Modular_Battlements_Left_Tall_1.0_Beige_01_Atlased.prefab using Guid(f8e828c22cfa28f4b993f6b9685d5b8b) Importer(815301076,1909f56bfc062723c751e8b465ee728b)  -> (artifact id: 'f41d3b7d64f4601768579f3810b91bbe') in 0.009505 seconds 
========================================================================
Received Import Request.
  Time since last request: 0.000027 seconds.
  path: Assets/Off Axis Studios/Polyworks/Prefabs/Atlased/Abstract/Abstract_Modular_Block_0.5_Blue_01_Atlased.prefab
  artifactKey: Guid(ccf113ca1e6a1c24bb27bca551ad3daa) Importer(815301076,1909f56bfc062723c751e8b465ee728b)
Start importing Assets/Off Axis Studios/Polyworks/Prefabs/Atlased/Abstract/Abstract_Modular_Block_0.5_Blue_01_Atlased.prefab using Guid(ccf113ca1e6a1c24bb27bca551ad3daa) Importer(815301076,1909f56bfc062723c751e8b465ee728b)  -> (artifact id: 'fa59737f5805912d3d0bbf720c0077af') in 0.009023 seconds 
========================================================================
Received Import Request.
  Time since last request: 0.000027 seconds.
  path: Assets/Off Axis Studios/Polyworks/Prefabs/Atlased/Abstract/Abstract_Modular_Block_2.0_Blue_01_Atlased.prefab
  artifactKey: Guid(1a600630f1765b14e91d2c3a174e1e11) Importer(815301076,1909f56bfc062723c751e8b465ee728b)
Start importing Assets/Off Axis Studios/Polyworks/Prefabs/Atlased/Abstract/Abstract_Modular_Block_2.0_Blue_01_Atlased.prefab using Guid(1a600630f1765b14e91d2c3a174e1e11) Importer(815301076,1909f56bfc062723c751e8b465ee728b)  -> (artifact id: 'f6331b90558ffca9c2fd7ba517cbd8c4') in 0.011825 seconds 
========================================================================
Received Import Request.
  Time since last request: 0.000018 seconds.
  path: Assets/Off Axis Studios/Polyworks/Prefabs/Atlased/Abstract/Abstract_Modular_Battlements_Front_1.0_Beige_01_Atlased.prefab
  artifactKey: Guid(8ff2f807ffb7e364eb73283662702585) Importer(815301076,1909f56bfc062723c751e8b465ee728b)
Start importing Assets/Off Axis Studios/Polyworks/Prefabs/Atlased/Abstract/Abstract_Modular_Battlements_Front_1.0_Beige_01_Atlased.prefab using Guid(8ff2f807ffb7e364eb73283662702585) Importer(815301076,1909f56bfc062723c751e8b465ee728b)  -> (artifact id: 'ddc6b05897c8a2a47aad290bbbbef288') in 0.009721 seconds 
========================================================================
Received Import Request.
  Time since last request: 0.000026 seconds.
  path: Assets/Off Axis Studios/Polyworks/Prefabs/Atlased/Abstract/Abstract_Modular_Block_1.5_Pink_01_Atlased.prefab
  artifactKey: Guid(11226a52f915318439cfd82d953c78f4) Importer(815301076,1909f56bfc062723c751e8b465ee728b)
Start importing Assets/Off Axis Studios/Polyworks/Prefabs/Atlased/Abstract/Abstract_Modular_Block_1.5_Pink_01_Atlased.prefab using Guid(11226a52f915318439cfd82d953c78f4) Importer(815301076,1909f56bfc062723c751e8b465ee728b)  -> (artifact id: '2b5c487accc7b688ddc5dbb35f520c6d') in 0.009869 seconds 
========================================================================
Received Import Request.
  Time since last request: 0.000022 seconds.
  path: Assets/Off Axis Studios/Polyworks/Prefabs/Atlased/Abstract/Abstract_Modular_Flag_Beige_02_Atlased.prefab
  artifactKey: Guid(b658533d93f441a4096cbbe3b36f2d74) Importer(815301076,1909f56bfc062723c751e8b465ee728b)
Start importing Assets/Off Axis Studios/Polyworks/Prefabs/Atlased/Abstract/Abstract_Modular_Flag_Beige_02_Atlased.prefab using Guid(b658533d93f441a4096cbbe3b36f2d74) Importer(815301076,1909f56bfc062723c751e8b465ee728b)  -> (artifact id: '58bc50be767e1bad29b0cfb1b28119a0') in 0.011317 seconds 
========================================================================
Received Import Request.
  Time since last request: 0.000024 seconds.
  path: Assets/Off Axis Studios/Polyworks/Prefabs/Atlased/Abstract/Abstract_Modular_Doorway_1.0_Beige_01_Atlased.prefab
  artifactKey: Guid(321a05e4583aac3449e96f36f95c7e58) Importer(815301076,1909f56bfc062723c751e8b465ee728b)
Start importing Assets/Off Axis Studios/Polyworks/Prefabs/Atlased/Abstract/Abstract_Modular_Doorway_1.0_Beige_01_Atlased.prefab using Guid(321a05e4583aac3449e96f36f95c7e58) Importer(815301076,1909f56bfc062723c751e8b465ee728b)  -> (artifact id: '481fed7f108bc6f9c4f8b5215acb2fb9') in 0.009258 seconds 
========================================================================
Received Import Request.
  Time since last request: 0.000049 seconds.
  path: Assets/Off Axis Studios/Polyworks/Prefabs/Atlased/Abstract/Abstract_Modular_Block_1.0_Orange_01_Atlased.prefab
  artifactKey: Guid(42d09f37ed1861348b3f60a07749d874) Importer(815301076,1909f56bfc062723c751e8b465ee728b)
Start importing Assets/Off Axis Studios/Polyworks/Prefabs/Atlased/Abstract/Abstract_Modular_Block_1.0_Orange_01_Atlased.prefab using Guid(42d09f37ed1861348b3f60a07749d874) Importer(815301076,1909f56bfc062723c751e8b465ee728b)  -> (artifact id: '4a1821d47652edc0bed750d478a62a79') in 0.010432 seconds 
========================================================================
Received Import Request.
  Time since last request: 0.000030 seconds.
  path: Assets/Off Axis Studios/Polyworks/Prefabs/Atlased/Abstract/Abstract_Modular_Battlements_Back_Left_Tall_1.0_Beige_01_Atlased.prefab
  artifactKey: Guid(9cd8501471bbf6245985ab78f38aa0d9) Importer(815301076,1909f56bfc062723c751e8b465ee728b)
Start importing Assets/Off Axis Studios/Polyworks/Prefabs/Atlased/Abstract/Abstract_Modular_Battlements_Back_Left_Tall_1.0_Beige_01_Atlased.prefab using Guid(9cd8501471bbf6245985ab78f38aa0d9) Importer(815301076,1909f56bfc062723c751e8b465ee728b)  -> (artifact id: '75d2c81cc51327fcd473d77108b29522') in 0.009636 seconds 
========================================================================
Received Import Request.
  Time since last request: 0.000030 seconds.
  path: Assets/Off Axis Studios/Polyworks/Prefabs/Atlased/Abstract/Abstract_Modular_Archway_Single_1.0_Beige_01_Atlased.prefab
  artifactKey: Guid(a15d22eac2be92b4eaa57d686af88664) Importer(815301076,1909f56bfc062723c751e8b465ee728b)
Start importing Assets/Off Axis Studios/Polyworks/Prefabs/Atlased/Abstract/Abstract_Modular_Archway_Single_1.0_Beige_01_Atlased.prefab using Guid(a15d22eac2be92b4eaa57d686af88664) Importer(815301076,1909f56bfc062723c751e8b465ee728b)  -> (artifact id: '33cc349368541fa7019bed715724b6e6') in 0.009577 seconds 
========================================================================
Received Import Request.
  Time since last request: 0.000032 seconds.
  path: Assets/Off Axis Studios/Polyworks/Prefabs/Atlased/Abstract/Abstract_Modular_Block_1.5_Green_01_Atlased.prefab
  artifactKey: Guid(c315e9b9dabc56f419520e7c54fbc9ce) Importer(815301076,1909f56bfc062723c751e8b465ee728b)
Start importing Assets/Off Axis Studios/Polyworks/Prefabs/Atlased/Abstract/Abstract_Modular_Block_1.5_Green_01_Atlased.prefab using Guid(c315e9b9dabc56f419520e7c54fbc9ce) Importer(815301076,1909f56bfc062723c751e8b465ee728b)  -> (artifact id: 'd8cf7846a5055b1e180a8bba574f600c') in 0.008857 seconds 
========================================================================
Received Import Request.
  Time since last request: 13.915383 seconds.
  path: Assets/New Solution Studio/PBR Lamps Pack/Prefabs/Small_roof_lamp.prefab
  artifactKey: Guid(1e2941f20c0bcc942be4b7b1f12cd6d4) Importer(815301076,1909f56bfc062723c751e8b465ee728b)
Start importing Assets/New Solution Studio/PBR Lamps Pack/Prefabs/Small_roof_lamp.prefab using Guid(1e2941f20c0bcc942be4b7b1f12cd6d4) Importer(815301076,1909f56bfc062723c751e8b465ee728b)  -> (artifact id: '1087e9b84ceea943372d896b15c62ce4') in 0.187295 seconds 
========================================================================
Received Import Request.
  Time since last request: 135.531363 seconds.
  path: Assets/Off Axis Studios/Polyworks/Meshes/Atlased/Water Planes/Water_Plane_Square_Large_01_Atlased.fbx
  artifactKey: Guid(17c9a342af6358543ab808822fbf69a6) Importer(815301076,1909f56bfc062723c751e8b465ee728b)
Start importing Assets/Off Axis Studios/Polyworks/Meshes/Atlased/Water Planes/Water_Plane_Square_Large_01_Atlased.fbx using Guid(17c9a342af6358543ab808822fbf69a6) Importer(815301076,1909f56bfc062723c751e8b465ee728b)  -> (artifact id: '23dff7799a92ff148a93c46f3609835f') in 0.025320 seconds 
========================================================================
Received Import Request.
  Time since last request: 0.000081 seconds.
  path: Assets/Off Axis Studios/Polyworks/Stylized Water BIR/Meshes/SW_Water_Plane_Square_Small_01.fbx
  artifactKey: Guid(22816d36452080247884f4e40cec9c29) Importer(815301076,1909f56bfc062723c751e8b465ee728b)
Start importing Assets/Off Axis Studios/Polyworks/Stylized Water BIR/Meshes/SW_Water_Plane_Square_Small_01.fbx using Guid(22816d36452080247884f4e40cec9c29) Importer(815301076,1909f56bfc062723c751e8b465ee728b)  -> (artifact id: 'f84ebf7a2cc6b3cb7d090fdfc524149c') in 0.029028 seconds 
========================================================================
Received Import Request.
  Time since last request: 0.422808 seconds.
  path: Assets/Off Axis Studios/Polyworks/Meshes/Atlased/Water Planes/Water_Plane_Rectangle_Small_01_Atlased.fbx
  artifactKey: Guid(728edbf5a5e1c7742bd4d9b7dbe96401) Importer(815301076,1909f56bfc062723c751e8b465ee728b)
Start importing Assets/Off Axis Studios/Polyworks/Meshes/Atlased/Water Planes/Water_Plane_Rectangle_Small_01_Atlased.fbx using Guid(728edbf5a5e1c7742bd4d9b7dbe96401) Importer(815301076,1909f56bfc062723c751e8b465ee728b)  -> (artifact id: '985ddac9c63ca060c938a63a9d41db1f') in 0.011036 seconds 
========================================================================
Received Import Request.
  Time since last request: 0.000018 seconds.
  path: Assets/Off Axis Studios/Polyworks/Meshes/MaterialsOnly/Water Planes/Water_Plane_Semicircle_Small_01.fbx
  artifactKey: Guid(b6e8627348f516c44b188d778d540a74) Importer(815301076,1909f56bfc062723c751e8b465ee728b)
Start importing Assets/Off Axis Studios/Polyworks/Meshes/MaterialsOnly/Water Planes/Water_Plane_Semicircle_Small_01.fbx using Guid(b6e8627348f516c44b188d778d540a74) Importer(815301076,1909f56bfc062723c751e8b465ee728b)  -> (artifact id: '8b55fced7ada59f79e29a0ff8ce12283') in 0.073337 seconds 
========================================================================
Received Import Request.
  Time since last request: 251.296841 seconds.
  path: Assets/Off Axis Studios/Polyworks/Meshes/MaterialsOnly/Rocks/Rock_Small_08.fbx
  artifactKey: Guid(e32d8c6105d47d3438f2d61a97feed0b) Importer(815301076,1909f56bfc062723c751e8b465ee728b)
Start importing Assets/Off Axis Studios/Polyworks/Meshes/MaterialsOnly/Rocks/Rock_Small_08.fbx using Guid(e32d8c6105d47d3438f2d61a97feed0b) Importer(815301076,1909f56bfc062723c751e8b465ee728b)  -> (artifact id: 'd64acaf7d71dc2f86c83ad6eee950205') in 0.032647 seconds 
========================================================================
Received Import Request.
  Time since last request: 0.000028 seconds.
  path: Assets/Off Axis Studios/Polyworks/Meshes/Atlased/Rocks/Rock_Small_09_Atlased.fbx
  artifactKey: Guid(692fd6321430eab47ae1430c00eb1286) Importer(815301076,1909f56bfc062723c751e8b465ee728b)
Start importing Assets/Off Axis Studios/Polyworks/Meshes/Atlased/Rocks/Rock_Small_09_Atlased.fbx using Guid(692fd6321430eab47ae1430c00eb1286) Importer(815301076,1909f56bfc062723c751e8b465ee728b)  -> (artifact id: '5464c0d6d11e36f03bf6917ce9997896') in 0.016718 seconds 
========================================================================
Received Import Request.
  Time since last request: 0.000029 seconds.
  path: Assets/Suriyun/Dragons_SD/FBX/DragonSD_A.fbx
  artifactKey: Guid(40d66aae74632074e81b61b2073c204c) Importer(815301076,1909f56bfc062723c751e8b465ee728b)
Start importing Assets/Suriyun/Dragons_SD/FBX/DragonSD_A.fbx using Guid(40d66aae74632074e81b61b2073c204c) Importer(815301076,1909f56bfc062723c751e8b465ee728b)  -> (artifact id: 'c6a42c9497d047e81218f7ed5ab5509d') in 0.132332 seconds 
========================================================================
Received Import Request.
  Time since last request: 0.000031 seconds.
  path: Assets/Off Axis Studios/Polyworks/Meshes/MaterialsOnly/Rocks/Rock_Small_09.fbx
  artifactKey: Guid(949cf2cbaa6652e45be88467f8ad53a3) Importer(815301076,1909f56bfc062723c751e8b465ee728b)
Start importing Assets/Off Axis Studios/Polyworks/Meshes/MaterialsOnly/Rocks/Rock_Small_09.fbx using Guid(949cf2cbaa6652e45be88467f8ad53a3) Importer(815301076,1909f56bfc062723c751e8b465ee728b)  -> (artifact id: 'ff1e9cd04035b852fc8b7d3a0773cbf0') in 0.020027 seconds 
========================================================================
Received Import Request.
  Time since last request: 0.000031 seconds.
  path: Assets/Off Axis Studios/Polyworks/Meshes/MaterialsOnly/Terrain/Terrain_Modular_Tiles_Dirt_Stairs_01.fbx
  artifactKey: Guid(72ec176d81a56b947a87edba44e4551f) Importer(815301076,1909f56bfc062723c751e8b465ee728b)
Start importing Assets/Off Axis Studios/Polyworks/Meshes/MaterialsOnly/Terrain/Terrain_Modular_Tiles_Dirt_Stairs_01.fbx using Guid(72ec176d81a56b947a87edba44e4551f) Importer(815301076,1909f56bfc062723c751e8b465ee728b)  -> (artifact id: '00f7851584365d43ef92c1d764a468fa') in 0.015613 seconds 
========================================================================
Received Import Request.
  Time since last request: 0.000024 seconds.
  path: Assets/Off Axis Studios/Polyworks/Meshes/Atlased/Rocks/Rock_Small_08_Atlased.fbx
  artifactKey: Guid(cc6d9c927de0aa34cb1073c9876bde36) Importer(815301076,1909f56bfc062723c751e8b465ee728b)
Start importing Assets/Off Axis Studios/Polyworks/Meshes/Atlased/Rocks/Rock_Small_08_Atlased.fbx using Guid(cc6d9c927de0aa34cb1073c9876bde36) Importer(815301076,1909f56bfc062723c751e8b465ee728b)  -> (artifact id: 'cf4a97ab9ff2ae9149caf78d897d0d43') in 0.016372 seconds 
Editor requested this worker to shutdown with reason: Scaling down because of idle timeout
AssetImportWorker is now disconnected from the server
Process exiting
Exiting without the bug reporter. Application will terminate with return code 0